{
  "stats": {
    "suites": 2,
    "tests": 2,
    "passes": 1,
    "pending": 0,
    "failures": 1,
    "start": "2020-02-11T17:38:44.667Z",
    "end": "2020-02-11T17:38:44.667Z",
    "duration": 81841,
    "testsRegistered": 2,
    "passPercent": 50,
    "pendingPercent": 0,
    "other": 0,
    "hasOther": false,
    "skipped": 0,
    "hasSkipped": false
  },
  "results": [
    {
      "uuid": "0a46f003-bf00-4d96-9bfa-ce5c50a03306",
      "title": "",
      "fullFile": "cypress\\integration\\examples\\LssvLogin.js",
      "file": "cypress\\integration\\examples\\LssvLogin.js",
      "beforeHooks": [],
      "afterHooks": [],
      "tests": [],
      "suites": [
        {
          "uuid": "9d59813a-697f-4923-a964-2bd91bb2106f",
          "title": "LSSV Login functionality",
          "fullFile": "",
          "file": "",
          "beforeHooks": [],
          "afterHooks": [],
          "tests": [
            {
              "title": "Login to lssv application with valid credentials",
              "fullTitle": "LSSV Login functionality Login to lssv application with valid credentials",
              "timedOut": null,
              "duration": 10082,
              "state": "passed",
              "speed": "slow",
              "pass": true,
              "fail": false,
              "pending": false,
              "context": "[\n  \"../mochawesome-report/assets/LssvLogin.js/LSSV Login functionality -- Login to lssv application with valid credentials.png\",\n  \"../cypress/videos/LssvLogin.js.mp4\"\n]",
              "code": "var loginpage = new _LoginPage.default();\nvar homepage = new _HomePage.default();\nloginpage.getUsername().clear().type(this.data.username);\nloginpage.getPassword().type(this.data.password);\nloginpage.getLoginButton().click();\ncy.wait(5000);\nhomepage.getHomePageWorksTitle().then(function (homepagetitle) {\n  var title = homepagetitle.text();\n  expect(title).to.equal(' Home -page works!\\n');\n});",
              "err": {},
              "uuid": "2e451e78-242d-44d7-afb2-a00ceaf7d7a1",
              "parentUUID": "9d59813a-697f-4923-a964-2bd91bb2106f",
              "isHook": false,
              "skipped": false
            }
          ],
          "suites": [],
          "passes": [
            "2e451e78-242d-44d7-afb2-a00ceaf7d7a1"
          ],
          "failures": [],
          "pending": [],
          "skipped": [],
          "duration": 10082,
          "root": false,
          "rootEmpty": false,
          "_timeout": 2000
        }
      ],
      "passes": [],
      "failures": [],
      "pending": [],
      "skipped": [],
      "duration": 0,
      "root": true,
      "rootEmpty": true,
      "_timeout": 2000
    },
    {
      "uuid": "3c6cc0ec-6c35-45ac-983b-fb0f330c9ea5",
      "title": "",
      "fullFile": "cypress\\integration\\examples\\LSSVLoginwithInvalidCredentials.js",
      "file": "cypress\\integration\\examples\\LSSVLoginwithInvalidCredentials.js",
      "beforeHooks": [],
      "afterHooks": [],
      "tests": [],
      "suites": [
        {
          "uuid": "7bde871c-6bed-476c-af98-c209225e14c3",
          "title": "LSSV Login functionality",
          "fullFile": "",
          "file": "",
          "beforeHooks": [],
          "afterHooks": [],
          "tests": [
            {
              "title": "login to lssv application with invalid credentials",
              "fullTitle": "LSSV Login functionality login to lssv application with invalid credentials",
              "timedOut": null,
              "duration": 71759,
              "state": "failed",
              "speed": null,
              "pass": false,
              "fail": true,
              "pending": false,
              "context": "[\n  \"assets/LSSVLoginwithInvalidCredentials.js/LSSV Login functionality -- login to lssv application with invalid credentials (failed).png\",\n  \"../mochawesome-report/assets/LSSVLoginwithInvalidCredentials.js/LSSV Login functionality -- login to lssv application with invalid credentials.png\",\n  \"../cypress/videos/LSSVLoginwithInvalidCredentials.js.mp4\"\n]",
              "code": "var loginpage = new _LoginPage.default();\nvar homepage = new _HomePage.default();\nloginpage.getUsername().clear().type(this.data.invalidusername);\nloginpage.getPassword().type(this.data.invallidpassword);\nloginpage.getLoginButton().click();\ncy.wait(5000);\nhomepage.getHomePageWorksTitle().then(function (homepagetitle) {\n  var title = homepagetitle.text();\n  expect(title).to.equal(' Home -page works!\\n');\n});",
              "err": {
                "message": "CypressError: Timed out retrying: Expected to find element: 'p', but never found it.",
                "estack": "CypressError: Timed out retrying: Expected to find element: 'p', but never found it.\n    at Object.cypressErr (http://localhost:4200/__cypress/runner/cypress_runner.js:86207:11)\n    at Object.throwErr (http://localhost:4200/__cypress/runner/cypress_runner.js:86162:18)\n    at Object.throwErrByPath (http://localhost:4200/__cypress/runner/cypress_runner.js:86194:17)\n    at retry (http://localhost:4200/__cypress/runner/cypress_runner.js:76849:16)\n    at onFailFn (http://localhost:4200/__cypress/runner/cypress_runner.js:65634:16)\n    at tryCatcher (http://localhost:4200/__cypress/runner/cypress_runner.js:120203:23)\n    at Promise._settlePromiseFromHandler (http://localhost:4200/__cypress/runner/cypress_runner.js:118139:31)\n    at Promise._settlePromise (http://localhost:4200/__cypress/runner/cypress_runner.js:118196:18)\n    at Promise._settlePromise0 (http://localhost:4200/__cypress/runner/cypress_runner.js:118241:10)\n    at Promise._settlePromises (http://localhost:4200/__cypress/runner/cypress_runner.js:118316:18)\n    at Async../node_modules/bluebird/js/release/async.js.Async._drainQueue (http://localhost:4200/__cypress/runner/cypress_runner.js:114928:16)\n    at Async../node_modules/bluebird/js/release/async.js.Async._drainQueues (http://localhost:4200/__cypress/runner/cypress_runner.js:114938:10)\n    at Async.drainQueues (http://localhost:4200/__cypress/runner/cypress_runner.js:114812:14)",
                "diff": null
              },
              "uuid": "d34250e0-6a0c-48eb-ad2b-ad547da4a189",
              "parentUUID": "7bde871c-6bed-476c-af98-c209225e14c3",
              "isHook": false,
              "skipped": false
            }
          ],
          "suites": [],
          "passes": [],
          "failures": [
            "d34250e0-6a0c-48eb-ad2b-ad547da4a189"
          ],
          "pending": [],
          "skipped": [],
          "duration": 71759,
          "root": false,
          "rootEmpty": false,
          "_timeout": 2000
        }
      ],
      "passes": [],
      "failures": [],
      "pending": [],
      "skipped": [],
      "duration": 0,
      "root": true,
      "rootEmpty": true,
      "_timeout": 2000
    }
  ],
  "meta": {
    "mocha": {
      "version": "5.2.0"
    },
    "mochawesome": {
      "options": {
        "quiet": false,
        "reportFilename": "mochawesome",
        "saveHtml": false,
        "saveJson": true,
        "consoleReporter": "spec",
        "useInlineDiffs": false
      },
      "version": "4.1.0"
    },
    "marge": {
      "options": {
        "id": "default",
        "reportDir": "cypress/results/json",
        "overwrite": false,
        "html": false,
        "json": true,
        "timestamp": "mmddyyyy_HHMMss"
      },
      "version": "4.1.0"
    }
  }
}